<?xml version="1.0" encoding="UTF-8"?>
<testng-results skipped="0" failed="0" ignored="0" total="1" passed="1">
  <reporter-output>
  </reporter-output>
  <suite name="BetterWorks Test Automation Suite" duration-ms="19813" started-at="2021-07-06T14:39:37Z" finished-at="2021-07-06T14:39:57Z">
    <groups>
    </groups>
    <test name="Create Post Test Case" duration-ms="19813" started-at="2021-07-06T14:39:37Z" finished-at="2021-07-06T14:39:57Z">
      <class name="com.betterWorks.tests.CreatePostTest">
        <test-method status="PASS" signature="setUp()[pri:0, instance:com.betterWorks.tests.CreatePostTest@3bd94634]" name="setUp" is-config="true" duration-ms="4469" started-at="2021-07-06T14:39:37Z" finished-at="2021-07-06T14:39:42Z">
          <reporter-output>
          </reporter-output>
        </test-method> <!-- setUp -->
        <test-method status="PASS" signature="LoginFromUser()[pri:0, instance:com.betterWorks.tests.CreatePostTest@3bd94634]" name="LoginFromUser" duration-ms="15188" started-at="2021-07-06T14:39:42Z" finished-at="2021-07-06T14:39:57Z">
          <reporter-output>
          </reporter-output>
        </test-method> <!-- LoginFromUser -->
        <test-method status="PASS" signature="tearDown()[pri:0, instance:com.betterWorks.tests.CreatePostTest@3bd94634]" name="tearDown" is-config="true" duration-ms="138" started-at="2021-07-06T14:39:57Z" finished-at="2021-07-06T14:39:57Z">
          <reporter-output>
          </reporter-output>
        </test-method> <!-- tearDown -->
      </class> <!-- com.betterWorks.tests.CreatePostTest -->
    </test> <!-- Create Post Test Case -->
  </suite> <!-- BetterWorks Test Automation Suite -->
</testng-results>
